2022-02-02 19:11:32,012 :: Iniciando varredura. Quantidade de contas achadas: 0
2022-02-02 19:12:44,377 :: Iniciando varredura. Quantidade de contas achadas: 0
2022-02-02 19:12:44,378 :: Telas percorridas. Descansando.
2022-02-02 19:12:57,944 :: Iniciando varredura. Quantidade de contas achadas: 0
2022-02-02 19:12:57,945 :: Telas percorridas. Descansando.
2022-02-02 19:47:58,265 :: Telas percorridas. Descansando.
2022-02-02 19:48:30,604 :: Telas percorridas. Descansando.
2022-02-02 19:51:38,023 :: Iniciando varredura. Quantidade de contas achadas: 1
2022-02-02 19:51:38,024 :: Identificando posi巫o no workFlow
2022-02-02 19:51:38,130 :: Estamos na tela: Login
2022-02-02 19:51:38,191 :: Fazendo login no sistema...
2022-02-02 19:52:16,924 :: Iniciando varredura. Quantidade de contas achadas: 1
2022-02-02 19:52:16,925 :: Identificando posi巫o no workFlow
2022-02-02 19:52:17,025 :: Estamos na tela: Login
2022-02-02 19:52:17,077 :: Fazendo login no sistema...
2022-02-02 19:52:45,847 :: Identificando posi巫o no workFlow
2022-02-02 19:52:45,999 :: Estamos na tela: Principal
2022-02-02 19:53:06,819 :: Iniciando varredura. Quantidade de contas achadas: 1
2022-02-02 19:53:06,820 :: Identificando posi巫o no workFlow
2022-02-02 19:53:06,963 :: Estamos na tela: Principal
2022-02-02 20:07:39,220 :: Iniciando varredura. Quantidade de contas achadas: 1
2022-02-02 20:07:39,221 :: Identificando posi巫o no workFlow
2022-02-02 20:07:39,365 :: Estamos na tela: Principal
2022-02-02 20:07:39,427 :: Clicando no 鞍one de her糟s
2022-02-02 20:07:44,127 :: Identificando posi巫o no workFlow
2022-02-02 20:07:44,401 :: Estamos na tela: Tela de Her칩is
2022-02-02 20:10:34,523 :: Iniciando varredura. Quantidade de contas achadas: 1
2022-02-02 20:10:34,524 :: Identificando posi巫o no workFlow
2022-02-02 20:10:34,675 :: Estamos na tela: Principal
2022-02-02 20:10:34,733 :: Clicando no 鞍one de her糟s
2022-02-02 20:10:39,399 :: Identificando posi巫o no workFlow
2022-02-02 20:10:39,692 :: Estamos na tela: Tela de Her칩is
2022-02-02 20:10:46,238 :: Formando times
2022-02-02 20:10:46,239 :: Buscando her糟s que estejam com a barra de vida na cor verde
2022-02-02 20:10:46,353 :: Erro detectado.'>=' not supported between instances of 'float' and 'NoneType' Atualizando a p敬ina.
2022-02-02 20:10:48,043 :: Identificando posi巫o no workFlow
2022-02-02 20:10:48,334 :: Estamos na tela: Tela de Her칩is
2022-02-02 20:10:51,743 :: Formando times
2022-02-02 20:10:51,744 :: Buscando her糟s que estejam com a barra de vida na cor verde
2022-02-02 20:11:34,861 :: Iniciando varredura. Quantidade de contas achadas: 1
2022-02-02 20:11:34,862 :: Identificando posi巫o no workFlow
2022-02-02 20:11:34,961 :: Estamos na tela: Login
2022-02-02 20:11:35,013 :: Fazendo login no sistema...
2022-02-02 20:12:03,768 :: Identificando posi巫o no workFlow
2022-02-02 20:12:03,920 :: Estamos na tela: Principal
2022-02-02 20:12:03,981 :: Clicando no 鞍one de her糟s
2022-02-02 20:12:25,663 :: Identificando posi巫o no workFlow
2022-02-02 20:12:44,992 :: Estamos na tela: Tela de Her칩is
2022-02-02 20:12:51,527 :: Formando times
2022-02-02 20:13:03,316 :: Buscando her糟s que estejam com a barra de vida na cor verde
2022-02-02 20:13:03,436 :: Erro detectado.'>=' not supported between instances of 'float' and 'NoneType' Atualizando a p敬ina.
2022-02-04 17:23:18,815 :: Iniciando varredura. Quantidade de contas achadas: 1
2022-02-04 17:23:18,817 :: Identificando posi巫o no workFlow
2022-02-04 17:23:18,931 :: Estamos na tela: Login
2022-02-04 17:23:18,993 :: Fazendo login no sistema...
2022-02-04 17:23:54,324 :: Iniciando varredura. Quantidade de contas achadas: 1
2022-02-04 17:23:54,325 :: Identificando posi巫o no workFlow
2022-02-04 17:23:54,430 :: Estamos na tela: Login
2022-02-04 17:23:54,495 :: Fazendo login no sistema...
2022-02-04 17:23:54,583 :: Erro detectado.unsupported operand type(s) for /: 'NoneType' and 'int' Atualizando a p敬ina.
2022-02-04 17:24:09,447 :: Iniciando varredura. Quantidade de contas achadas: 1
2022-02-04 17:24:09,448 :: Identificando posi巫o no workFlow
2022-02-04 17:24:09,561 :: Estamos na tela: Login
2022-02-04 17:24:09,628 :: Fazendo login no sistema...
2022-02-04 17:28:50,058 :: Iniciando varredura. Quantidade de contas achadas: 1
2022-02-04 17:28:50,059 :: Identificando posi巫o no workFlow
2022-02-04 17:28:50,164 :: Estamos na tela: Login
2022-02-04 17:28:50,215 :: Fazendo login no sistema...
2022-02-04 17:29:19,364 :: Identificando posi巫o no workFlow
2022-02-04 17:29:19,516 :: Estamos na tela: Principal
2022-02-04 17:29:19,567 :: Clicando no 鞍one de her糟s
2022-02-04 17:29:41,434 :: Identificando posi巫o no workFlow
2022-02-04 17:29:41,708 :: Estamos na tela: Tela de Her糟s
2022-02-04 17:29:41,870 :: Colocando todos os her糟s pra dormirem
2022-02-04 17:29:53,393 :: Formando times
2022-02-04 17:29:53,394 :: Buscando her糟s que estejam com a barra de vida na cor verde
2022-02-04 17:29:54,521 :: Buscando her糟s que estejam com a barra de vida na cor verde
2022-02-04 17:29:58,661 :: Procurando mais her糟s
2022-02-04 17:30:05,227 :: Buscando her糟s que estejam com a barra de vida na cor verde
2022-02-04 17:30:30,776 :: Buscando her糟s que estejam com a barra de vida na cor verde
2022-02-04 17:30:35,944 :: Procurando mais her糟s
2022-02-04 17:31:50,898 :: Iniciando varredura. Quantidade de contas achadas: 1
2022-02-04 17:31:50,900 :: Identificando posi巫o no workFlow
2022-02-04 17:31:51,160 :: Estamos na tela: Tela de Her糟s
2022-02-04 17:31:58,153 :: Formando times
2022-02-04 17:31:58,154 :: Buscando her糟s que estejam com a barra de vida na cor verde
2022-02-04 17:32:01,074 :: Buscando her糟s que estejam com a barra de vida na cor verde
2022-02-04 17:33:13,715 :: Iniciando varredura. Quantidade de contas achadas: 1
2022-02-04 17:33:13,717 :: Identificando posi巫o no workFlow
2022-02-04 17:33:13,973 :: Estamos na tela: Tela de Her糟s
2022-02-04 17:33:14,123 :: Colocando todos os her糟s pra dormirem
2022-02-04 17:33:25,686 :: Formando times
2022-02-04 17:33:25,687 :: Buscando her糟s que estejam com a barra de vida na cor verde
2022-02-04 17:33:28,502 :: Buscando her糟s que estejam com a barra de vida na cor verde
2022-02-04 17:33:45,569 :: Iniciando varredura. Quantidade de contas achadas: 1
2022-02-04 17:33:45,570 :: Identificando posi巫o no workFlow
2022-02-04 17:33:45,824 :: Estamos na tela: Tela de Her糟s
2022-02-04 17:33:45,982 :: Colocando todos os her糟s pra dormirem
2022-02-04 17:33:57,516 :: Formando times
2022-02-04 17:33:57,517 :: Buscando her糟s que estejam com a barra de vida na cor verde
2022-02-04 17:33:57,622 :: Buscando her糟s que estejam com a barra de vida na cor verde
2022-02-04 17:33:57,721 :: Procurando mais her糟s
2022-02-04 17:34:04,400 :: Buscando her糟s que estejam com a barra de vida na cor verde
2022-02-04 17:34:29,974 :: Buscando her糟s que estejam com a barra de vida na cor verde
2022-02-04 17:34:33,025 :: Procurando mais her糟s
2022-02-04 17:34:39,592 :: Buscando her糟s que estejam com a barra de vida na cor verde
2022-02-04 17:35:05,181 :: Buscando her糟s que estejam com a barra de vida na cor verde
2022-02-04 17:35:08,057 :: Procurando mais her糟s
2022-02-04 17:35:14,640 :: Buscando her糟s que estejam com a barra de vida na cor verde
2022-02-04 17:35:40,231 :: Buscando her糟s que estejam com a barra de vida na cor verde
2022-02-04 17:35:43,204 :: Procurando mais her糟s
2022-02-04 17:35:53,782 :: Iniciando o mapa
2022-02-04 17:35:55,533 :: Telas percorridas. Descansando.
2022-02-04 17:36:18,928 :: Iniciando varredura. Quantidade de contas achadas: 1
2022-02-04 17:36:18,929 :: Identificando posi巫o no workFlow
2022-02-04 17:36:19,200 :: Estamos na tela: Tela de Her糟s
2022-02-04 17:36:26,159 :: Formando times
2022-02-04 17:36:26,160 :: Buscando her糟s que estejam com a barra de vida na cor verde
2022-02-04 17:36:26,277 :: Buscando her糟s que estejam com a barra de vida na cor verde
2022-02-04 17:36:26,393 :: Procurando mais her糟s
2022-02-04 17:36:32,991 :: Buscando her糟s que estejam com a barra de vida na cor verde
2022-02-04 17:36:58,551 :: Buscando her糟s que estejam com a barra de vida na cor verde
2022-02-04 17:37:01,421 :: Procurando mais her糟s
2022-02-04 17:37:07,994 :: Buscando her糟s que estejam com a barra de vida na cor verde
2022-02-04 17:37:33,560 :: Buscando her糟s que estejam com a barra de vida na cor verde
2022-02-04 17:37:36,499 :: Procurando mais her糟s
2022-02-04 17:37:43,013 :: Buscando her糟s que estejam com a barra de vida na cor verde
2022-02-04 17:37:45,918 :: Buscando her糟s que estejam com a barra de vida na cor verde
2022-02-04 17:37:48,795 :: Procurando mais her糟s
2022-02-04 17:37:59,187 :: Iniciando o mapa
2022-02-04 17:38:00,933 :: Telas percorridas. Descansando.
2022-02-04 17:52:15,337 :: Iniciando varredura. Quantidade de contas achadas: 1
2022-02-04 17:52:15,338 :: Identificando posi巫o no workFlow
2022-02-04 17:52:15,638 :: Estamos na tela: Tela de Her糟s
2022-02-04 17:52:22,433 :: Formando times
2022-02-04 17:52:22,433 :: Buscando her糟s que estejam com a barra de vida na cor verde
2022-02-04 17:52:22,552 :: Buscando her糟s que estejam com a barra de vida na cor verde
2022-02-04 17:52:22,670 :: Procurando mais her糟s
2022-02-04 17:52:29,141 :: Buscando her糟s que estejam com a barra de vida na cor verde
2022-02-04 17:52:54,730 :: Buscando her糟s que estejam com a barra de vida na cor verde
2022-02-04 17:52:54,844 :: Procurando mais her糟s
2022-02-04 17:53:01,484 :: Buscando her糟s que estejam com a barra de vida na cor verde
2022-02-04 17:59:06,664 :: Iniciando varredura. Quantidade de contas achadas: 1
2022-02-04 17:59:06,665 :: Identificando posi巫o no workFlow
2022-02-04 17:59:06,813 :: Estamos na tela: Principal
2022-02-04 17:59:06,877 :: Clicando no 鞍one de her糟s
2022-02-04 17:59:11,872 :: Iniciando varredura. Quantidade de contas achadas: 1
2022-02-04 17:59:11,873 :: Identificando posi巫o no workFlow
2022-02-04 17:59:12,139 :: Estamos na tela: Tela de Her糟s
2022-02-04 17:59:18,968 :: Formando times
2022-02-04 17:59:18,969 :: Buscando her糟s que estejam com a barra de vida na cor verde
2022-02-04 17:59:24,188 :: Buscando her糟s que estejam com a barra de vida na cor verde
2022-02-04 17:59:25,301 :: Procurando mais her糟s
2022-02-04 17:59:31,804 :: Buscando her糟s que estejam com a barra de vida na cor verde
2022-02-04 18:01:02,103 :: Iniciando varredura. Quantidade de contas achadas: 1
2022-02-04 18:01:02,105 :: Identificando posi巫o no workFlow
2022-02-04 18:01:02,373 :: Estamos na tela: Tela de Her糟s
2022-02-04 18:01:09,269 :: Formando times
2022-02-04 18:01:09,270 :: Buscando her糟s que estejam com a barra de vida na cor verde
2022-02-04 18:01:15,137 :: Buscando her糟s que estejam com a barra de vida na cor verde
2022-02-04 18:01:21,184 :: Procurando mais her糟s
2022-02-04 18:01:27,789 :: Buscando her糟s que estejam com a barra de vida na cor verde
2022-02-04 18:01:53,352 :: Buscando her糟s que estejam com a barra de vida na cor verde
2022-02-04 18:02:04,064 :: Procurando mais her糟s
2022-02-04 18:03:19,246 :: Iniciando varredura. Quantidade de contas achadas: 1
2022-02-04 18:03:19,247 :: Identificando posi巫o no workFlow
2022-02-04 18:03:19,525 :: Estamos na tela: Tela de Her糟s
2022-02-04 18:03:26,341 :: Formando times
2022-02-04 18:03:26,342 :: Buscando her糟s que estejam com a barra de vida na cor verde
2022-02-04 18:03:47,336 :: Buscando her糟s que estejam com a barra de vida na cor verde
2022-02-04 18:03:51,377 :: Procurando mais her糟s
2022-02-04 18:04:29,058 :: Iniciando varredura. Quantidade de contas achadas: 1
2022-02-04 18:04:29,059 :: Identificando posi巫o no workFlow
2022-02-04 18:04:29,322 :: Estamos na tela: Tela de Her糟s
2022-02-04 18:04:36,141 :: Formando times
2022-02-04 18:04:36,142 :: Buscando her糟s que estejam com a barra de vida na cor verde
2022-02-04 18:04:51,742 :: Buscando her糟s que estejam com a barra de vida na cor verde
2022-02-04 18:04:55,483 :: Procurando mais her糟s
2022-02-04 18:05:01,870 :: Buscando her糟s que estejam com a barra de vida na cor verde
2022-02-04 18:13:39,159 :: Iniciando varredura. Quantidade de contas achadas: 1
2022-02-04 18:13:39,160 :: Identificando posi巫o no workFlow
2022-02-04 18:13:39,435 :: Estamos na tela: Tela de Her糟s
2022-02-04 18:13:46,168 :: Formando times
2022-02-04 18:13:46,169 :: Buscando her糟s que estejam com a barra de vida na cor verde
2022-02-04 18:13:49,658 :: Buscando her糟s que estejam com a barra de vida na cor verde
2022-02-04 18:13:53,175 :: Procurando mais her糟s
2022-02-04 18:13:59,650 :: Buscando her糟s que estejam com a barra de vida na cor verde
2022-02-04 18:26:20,770 :: Iniciando varredura. Quantidade de contas achadas: 1
2022-02-04 18:26:20,770 :: Identificando posi巫o no workFlow
2022-02-04 18:26:21,032 :: Estamos na tela: Tela de Her糟s
2022-02-04 18:26:27,746 :: Formando times
2022-02-04 18:26:27,747 :: Buscando her糟s que estejam com a barra de vida na cor verde
2022-02-04 18:26:27,860 :: Buscando her糟s que estejam com a barra de vida na cor verde
2022-02-04 18:26:31,002 :: Procurando mais her糟s
2022-02-04 18:40:40,120 :: Iniciando varredura. Quantidade de contas achadas: 1
2022-02-04 18:40:40,122 :: Identificando posi巫o no workFlow
2022-02-04 18:40:40,385 :: Estamos na tela: Tela de Her糟s
2022-02-04 18:40:47,351 :: Formando times
2022-02-04 18:40:47,352 :: Buscando her糟s que estejam com a barra de vida na cor verde
2022-02-04 18:40:47,479 :: Buscando her糟s que estejam com a barra de vida na cor verde
2022-02-04 18:40:47,613 :: Procurando mais her糟s
2022-02-04 18:41:30,752 :: Iniciando varredura. Quantidade de contas achadas: 1
2022-02-04 18:41:30,753 :: Identificando posi巫o no workFlow
2022-02-04 18:41:31,017 :: Estamos na tela: Tela de Her糟s
2022-02-04 18:41:37,819 :: Formando times
2022-02-04 18:41:37,820 :: Buscando her糟s que estejam com a barra de vida na cor verde
2022-02-04 18:41:37,929 :: Buscando her糟s que estejam com a barra de vida na cor verde
2022-02-04 18:43:22,388 :: Iniciando varredura. Quantidade de contas achadas: 1
2022-02-04 18:43:22,389 :: Identificando posi巫o no workFlow
2022-02-04 18:43:22,669 :: Estamos na tela: Tela de Her糟s
2022-02-04 18:43:29,396 :: Formando times
2022-02-04 18:43:29,397 :: Buscando her糟s que estejam com a barra de vida na cor verde
2022-02-04 18:43:29,516 :: Buscando her糟s que estejam com a barra de vida na cor verde
2022-02-04 18:43:37,778 :: Procurando mais her糟s
2022-02-04 18:43:44,317 :: Buscando her糟s que estejam com a barra de vida na cor verde
2022-02-04 18:44:09,887 :: Buscando her糟s que estejam com a barra de vida na cor verde
2022-02-04 18:44:18,095 :: Procurando mais her糟s
2022-02-04 18:44:34,692 :: Iniciando varredura. Quantidade de contas achadas: 0
2022-02-04 18:44:34,693 :: Telas percorridas. Descansando.
2022-02-04 18:44:56,774 :: Iniciando varredura. Quantidade de contas achadas: 1
2022-02-04 18:44:56,775 :: Identificando posi巫o no workFlow
2022-02-04 18:44:56,897 :: Estamos na tela: Principal
2022-02-04 18:44:56,964 :: Clicando no 鞍one de her糟s
2022-02-04 18:45:01,733 :: Identificando posi巫o no workFlow
2022-02-04 18:45:01,860 :: Estamos na tela: Tela de Her糟s
2022-02-04 18:45:08,505 :: Formando times
2022-02-04 18:45:08,506 :: Buscando her糟s que estejam com a barra de vida na cor verde
2022-02-04 18:45:11,344 :: Buscando her糟s que estejam com a barra de vida na cor verde
2022-02-04 18:47:03,959 :: Iniciando varredura. Quantidade de contas achadas: 1
2022-02-04 18:47:03,960 :: Identificando posi巫o no workFlow
2022-02-04 18:47:04,229 :: Estamos na tela: Tela de Her糟s
2022-02-04 18:56:37,658 :: Iniciando varredura. Quantidade de contas achadas: 1
2022-02-04 18:56:37,659 :: Identificando posi巫o no workFlow
2022-02-04 18:56:37,726 :: Estamos na tela: Login
2022-02-04 18:56:37,779 :: Fazendo login no sistema...
2022-02-04 18:56:44,646 :: Erro detectado.OpenCV(4.5.5) D:\a\opencv-python\opencv-python\opencv\modules\imgproc\src\templmatch.cpp:1164: error: (-215:Assertion failed) (depth == CV_8U || depth == CV_32F) && type == _templ.type() && _img.dims() <= 2 in function 'cv::matchTemplate'
 Atualizando a p敬ina.
2022-02-04 18:56:46,449 :: Identificando posi巫o no workFlow
2022-02-04 18:56:46,549 :: Estamos na tela: Login
2022-02-04 18:56:46,616 :: Fazendo login no sistema...
2022-02-04 19:02:04,230 :: Iniciando varredura. Quantidade de contas achadas: 1
2022-02-04 19:02:04,231 :: Identificando posi巫o no workFlow
2022-02-04 19:02:04,299 :: Estamos na tela: Login
2022-02-04 19:02:04,351 :: Fazendo login no sistema...
2022-02-04 19:02:11,238 :: Erro detectado.OpenCV(4.5.5) D:\a\opencv-python\opencv-python\opencv\modules\imgproc\src\templmatch.cpp:1164: error: (-215:Assertion failed) (depth == CV_8U || depth == CV_32F) && type == _templ.type() && _img.dims() <= 2 in function 'cv::matchTemplate'
 Atualizando a p敬ina.
2022-02-04 19:02:13,013 :: Identificando posi巫o no workFlow
2022-02-04 19:02:13,103 :: Estamos na tela: Login
2022-02-04 19:02:13,173 :: Fazendo login no sistema...
2022-02-04 19:02:38,969 :: Iniciando varredura. Quantidade de contas achadas: 1
2022-02-04 19:02:38,970 :: Identificando posi巫o no workFlow
2022-02-04 19:02:39,053 :: Estamos na tela: Login
2022-02-04 19:02:39,118 :: Fazendo login no sistema...
2022-02-04 19:03:25,269 :: Iniciando varredura. Quantidade de contas achadas: 1
2022-02-04 19:03:25,270 :: Identificando posi巫o no workFlow
2022-02-04 19:03:25,350 :: Estamos na tela: Login
2022-02-04 19:03:25,402 :: Fazendo login no sistema...
